<?xml version="1.0" encoding="UTF-8"?>
<testsuite tests="1" failures="1" errors="0" time="0.002021" timestamp="2014-04-09T11:12:39-04:00">
  <properties/>
  <testcase classname="spec.11_spec" name="11 failed" time="0.001796">
    <failure message="expected: true value&#10;     got: false" type="RSpec::Expectations::ExpectationNotMetError">
      <![CDATA[expected: true value
     got: false
./spec/11_spec.rb:3:in `block (2 levels) in <top (required)>']]>
    </failure>
  </testcase>
</testsuite>
